[s6-init] making user provided files available at /var/run/s6/etc...exited 0.
[s6-init] ensuring user provided files have correct perms...exited 0.
[fix-attrs.d] applying ownership & permissions fixes...
[fix-attrs.d] done.
[cont-init.d] executing container initialization scripts...
[cont-init.d] done.
[services.d] starting services
[services.d] done.
/opt/bin/serf agent --join ha --replay --event-handler member-join=/serf-handlers/member-join.sh --event-handler member-leave,member-failed=/serf-handlers/member-leave.sh --tag role=balancer
==> Starting Serf agent...
==> Starting Serf agent RPC...
==> Serf agent running!
         Node name: 'c2c32a55d3c6'
         Bind addr: '0.0.0.0:7946'
          RPC addr: '127.0.0.1:7373'
         Encrypted: false
          Snapshot: false
           Profile: lan
==> Joining cluster...(replay: true)
    Join completed. Synced with 1 initial agents

==> Log data will now stream in as it occurs:

    2016/12/12 09:35:58 [INFO] agent: Serf agent starting
    2016/12/12 09:35:58 [INFO] serf: EventMemberJoin: c2c32a55d3c6 172.18.0.2
    2016/12/12 09:35:58 [INFO] agent: joining: [ha] replay: true
    2016/12/12 09:35:58 [INFO] agent: joined: 1 nodes
    2016/12/12 09:35:59 [INFO] agent: Received event: member-join
    2016/12/12 09:35:59 [ERR] agent: Error invoking script '/serf-handlers/member-join.sh': exit status 127
    2016/12/12 09:36:24 [INFO] serf: EventMemberJoin: d6e13d1483a8 172.18.0.3
    2016/12/12 09:36:25 [INFO] agent: Received event: member-join
    2016/12/12 09:36:25 [ERR] agent: Error invoking script '/serf-handlers/member-join.sh': exit status 127
    2016/12/12 09:38:26 [INFO] serf: EventMemberJoin: 890831a70cb8 172.18.0.4
    2016/12/12 09:38:27 [INFO] agent: Received event: member-join
    2016/12/12 09:38:27 [ERR] agent: Error invoking script '/serf-handlers/member-join.sh': exit status 127
