[
    {
        "Id": "deda2f49105ee67c45447f212d08d1276c64a9a7693dfd35c4c4e0a15fae762d",
        "Created": "2016-12-12T21:17:48.280826076Z",
        "Path": "/init",
        "Args": [],
        "State": {
            "Status": "running",
            "Running": true,
            "Paused": false,
            "Restarting": false,
            "OOMKilled": false,
            "Dead": false,
            "Pid": 3377,
            "ExitCode": 0,
            "Error": "",
            "StartedAt": "2016-12-12T21:17:49.099619124Z",
            "FinishedAt": "0001-01-01T00:00:00Z"
        },
        "Image": "sha256:a9359012096788655200434c67a2e59f8224cb18cb964814eb83d90ca24c5cbe",
        "ResolvConfPath": "/var/lib/docker/containers/deda2f49105ee67c45447f212d08d1276c64a9a7693dfd35c4c4e0a15fae762d/resolv.conf",
        "HostnamePath": "/var/lib/docker/containers/deda2f49105ee67c45447f212d08d1276c64a9a7693dfd35c4c4e0a15fae762d/hostname",
        "HostsPath": "/var/lib/docker/containers/deda2f49105ee67c45447f212d08d1276c64a9a7693dfd35c4c4e0a15fae762d/hosts",
        "LogPath": "/var/lib/docker/containers/deda2f49105ee67c45447f212d08d1276c64a9a7693dfd35c4c4e0a15fae762d/deda2f49105ee67c45447f212d08d1276c64a9a7693dfd35c4c4e0a15fae762d-json.log",
        "Name": "/ha",
        "RestartCount": 0,
        "Driver": "aufs",
        "MountLabel": "",
        "ProcessLabel": "",
        "AppArmorProfile": "",
        "ExecIDs": [
            "f2e221885695675e3d2d824fd4c7f015b562fe88522d337d5f2cfbca5ca9cd10"
        ],
        "HostConfig": {
            "Binds": null,
            "ContainerIDFile": "",
            "LogConfig": {
                "Type": "json-file",
                "Config": {}
            },
            "NetworkMode": "heig",
            "PortBindings": {
                "1936/tcp": [
                    {
                        "HostIp": "",
                        "HostPort": "1936"
                    }
                ],
                "80/tcp": [
                    {
                        "HostIp": "",
                        "HostPort": "80"
                    }
                ],
                "9999/tcp": [
                    {
                        "HostIp": "",
                        "HostPort": "9999"
                    }
                ]
            },
            "RestartPolicy": {
                "Name": "no",
                "MaximumRetryCount": 0
            },
            "AutoRemove": false,
            "VolumeDriver": "",
            "VolumesFrom": null,
            "CapAdd": null,
            "CapDrop": null,
            "Dns": [],
            "DnsOptions": [],
            "DnsSearch": [],
            "ExtraHosts": null,
            "GroupAdd": null,
            "IpcMode": "",
            "Cgroup": "",
            "Links": null,
            "OomScoreAdj": 0,
            "PidMode": "",
            "Privileged": false,
            "PublishAllPorts": false,
            "ReadonlyRootfs": false,
            "SecurityOpt": null,
            "UTSMode": "",
            "UsernsMode": "",
            "ShmSize": 67108864,
            "Runtime": "runc",
            "ConsoleSize": [
                0,
                0
            ],
            "Isolation": "",
            "CpuShares": 0,
            "Memory": 0,
            "CgroupParent": "",
            "BlkioWeight": 0,
            "BlkioWeightDevice": null,
            "BlkioDeviceReadBps": null,
            "BlkioDeviceWriteBps": null,
            "BlkioDeviceReadIOps": null,
            "BlkioDeviceWriteIOps": null,
            "CpuPeriod": 0,
            "CpuQuota": 0,
            "CpusetCpus": "",
            "CpusetMems": "",
            "Devices": [],
            "DiskQuota": 0,
            "KernelMemory": 0,
            "MemoryReservation": 0,
            "MemorySwap": 0,
            "MemorySwappiness": -1,
            "OomKillDisable": false,
            "PidsLimit": 0,
            "Ulimits": null,
            "CpuCount": 0,
            "CpuPercent": 0,
            "IOMaximumIOps": 0,
            "IOMaximumBandwidth": 0
        },
        "GraphDriver": {
            "Name": "aufs",
            "Data": null
        },
        "Mounts": [],
        "Config": {
            "Hostname": "deda2f49105e",
            "Domainname": "",
            "User": "",
            "AttachStdin": false,
            "AttachStdout": false,
            "AttachStderr": false,
            "ExposedPorts": {
                "1936/tcp": {},
                "7373/tcp": {},
                "7946/tcp": {},
                "80/tcp": {},
                "9999/tcp": {}
            },
            "Tty": false,
            "OpenStdin": false,
            "StdinOnce": false,
            "Env": [
                "PATH=/usr/local/sbin:/usr/local/bin:/usr/sbin:/usr/bin:/sbin:/bin",
                "HAPROXY_MAJOR=1.5",
                "HAPROXY_VERSION=1.5.18",
                "HAPROXY_MD5=21d35f114583ef731bc96af05b46c75a",
                "ROLE=balancer"
            ],
            "Cmd": null,
            "Image": "softengheigvd/ha",
            "Volumes": null,
            "WorkingDir": "",
            "Entrypoint": [
                "/init"
            ],
            "OnBuild": null,
            "Labels": {}
        },
        "NetworkSettings": {
            "Bridge": "",
            "SandboxID": "ce5b039629c6821b44dfc197b3c3d279b22f92d2f4227e7a7bdfe36c04c89469",
            "HairpinMode": false,
            "LinkLocalIPv6Address": "",
            "LinkLocalIPv6PrefixLen": 0,
            "Ports": {
                "1936/tcp": [
                    {
                        "HostIp": "0.0.0.0",
                        "HostPort": "1936"
                    }
                ],
                "7373/tcp": null,
                "7946/tcp": null,
                "80/tcp": [
                    {
                        "HostIp": "0.0.0.0",
                        "HostPort": "80"
                    }
                ],
                "9999/tcp": [
                    {
                        "HostIp": "0.0.0.0",
                        "HostPort": "9999"
                    }
                ]
            },
            "SandboxKey": "/var/run/docker/netns/ce5b039629c6",
            "SecondaryIPAddresses": null,
            "SecondaryIPv6Addresses": null,
            "EndpointID": "",
            "Gateway": "",
            "GlobalIPv6Address": "",
            "GlobalIPv6PrefixLen": 0,
            "IPAddress": "",
            "IPPrefixLen": 0,
            "IPv6Gateway": "",
            "MacAddress": "",
            "Networks": {
                "heig": {
                    "IPAMConfig": null,
                    "Links": null,
                    "Aliases": [
                        "deda2f49105e"
                    ],
                    "NetworkID": "06305d37328294decca0d0a8b05ee538899a0340b0211321595d68f237b447c8",
                    "EndpointID": "ba6c443c0f5089aad868b2ffc1612ad8a63ce82909cad16eb69b923d528aeec9",
                    "Gateway": "172.18.0.1",
                    "IPAddress": "172.18.0.2",
                    "IPPrefixLen": 16,
                    "IPv6Gateway": "",
                    "GlobalIPv6Address": "",
                    "GlobalIPv6PrefixLen": 0,
                    "MacAddress": "02:42:ac:12:00:02"
                }
            }
        }
    }
]
